<?xml version="1.0" encoding="UTF-8"?>
<!-- Generated by org.testng.reporters.JUnitXMLReporter -->
<testsuite hostname="USBLRSPARALAPA1" tests="0" failures="0" timestamp="18 Nov 2021 07:28:39 GMT" time="0.219" errors="0">
  <testcase name="@BeforeTest intiate" time="0.0" classname="cpsat.mock.practice.MockExam2_CPSAT">
    <failure type="java.lang.AssertionError" message="Error opening Browser">
      <![CDATA[java.lang.AssertionError: Error opening Browser
	at com.testing.base.TestBase.init(TestBase.java:74)
	at cpsat.mock.practice.MockExam2_CPSAT.intiate(MockExam2_CPSAT.java:13)
... Removed 23 stack frames]]>
    </failure>
  </testcase> <!-- @BeforeTest intiate -->
</testsuite>
