<?xml version="1.0" encoding="UTF-8"?>
<testng-results skipped="0" failed="0" total="1" passed="1">
  <reporter-output>
  </reporter-output>
  <suite name="Default suite" duration-ms="40894" started-at="2021-11-25T09:28:20Z" finished-at="2021-11-25T09:29:01Z">
    <groups>
    </groups>
    <test name="Default test" duration-ms="40894" started-at="2021-11-25T09:28:20Z" finished-at="2021-11-25T09:29:01Z">
      <class name="cpsat.mock.practice.MockExam1_Question2">
        <test-method status="PASS" signature="initiate()[pri:0, instance:cpsat.mock.practice.MockExam1_Question2@35bbe5e8]" name="initiate" is-config="true" duration-ms="10484" started-at="2021-11-25T14:58:20Z" finished-at="2021-11-25T14:58:30Z">
          <reporter-output>
          </reporter-output>
        </test-method> <!-- initiate -->
        <test-method status="PASS" signature="test1()[pri:0, instance:cpsat.mock.practice.MockExam1_Question2@35bbe5e8]" name="test1" duration-ms="30385" started-at="2021-11-25T14:58:30Z" finished-at="2021-11-25T14:59:01Z">
          <reporter-output>
          </reporter-output>
        </test-method> <!-- test1 -->
      </class> <!-- cpsat.mock.practice.MockExam1_Question2 -->
    </test> <!-- Default test -->
  </suite> <!-- Default suite -->
</testng-results>
